starting build

**********************************************************************

Test build
build project using make

**********************************************************************
Trying to clean project using make clean
make clean
rm *.o wish str
rm: cannot remove 'str': No such file or directory
makefile:18: recipe for target 'clean' failed
make: *** [clean] Error 1
Trying to build project using make
make
gcc -Wall -Werror -g -c commands.c
gcc -Wall -Werror -g -c str.c
gcc -Wall -Werror -g wish.c commands.o str.o -o wish


test build PASSED (5 of 5)
 (build project using make)

starting exit

**********************************************************************

Test exit
run exit

**********************************************************************
/tmp/tmpUKoJk6/p/./wish


test exit PASSED (5 of 5)
 (run exit)

starting cd

**********************************************************************

Test cd
cd with argument, and cd without argument

**********************************************************************
/tmp/tmpUKoJk6/p/./wish


test cd PASSED (5 of 5)
 (cd with argument, and cd without argument)

starting badcd

**********************************************************************

Test badcd
cd to a bad directory

**********************************************************************
/tmp/tmpUKoJk6/p/./wish


test badcd PASSED (5 of 5)
 (cd to a bad directory)

starting history

**********************************************************************

Test history
test history without argument

**********************************************************************
/tmp/tmpUKoJk6/p/./wish


test history PASSED (5 of 5)
 (test history without argument)

starting historyarg

**********************************************************************

Test historyarg
test history with argument

**********************************************************************
/tmp/tmpUKoJk6/p/./wish
Failure: ./wish gave incorrect standard output.
Expected: "wish> Linux\nwish> _\na\nb\nc\nd\ne\nf\ng\nh\ni\nj\nk\nl\nm\nn\no\np\nq\nr\ns\nt\nu\nv\nw\nx\ny\nz\nwish> wish> err\niloveos\nin\nout\nREADME\nwish> DO YOU?\nwish> cat iloveos\nhistory 2\nwish> wish> "
Got:      "wish> Linux\nwish> _\na\nb\nc\nd\ne\nf\ng\nh\ni\nj\nk\nl\nm\nn\no\np\nq\nr\ns\nt\nu\nv\nw\nx\ny\nz\nwish> wish> err\niloveos\nin\nout\nREADME\nwish> DO YOU?\nwish> wish> wish> "


test historyarg FAILED (0 of 5)
 (test history with argument)
 ./wish gave incorrect standard output.

 Test it yourself by running
 wish </u/c/s/cs537-1/tests/p2a/historyarg/in
 and check out the test folder
 /u/c/s/cs537-1/tests/p2a/historyarg
 to compare your output with reference outputs. 

starting exec

**********************************************************************

Test exec
path should be /bin

**********************************************************************
/tmp/tmpUKoJk6/p/./wish


test exec PASSED (5 of 5)
 (path should be /bin)

starting badexec

**********************************************************************

Test badexec
run programs that do not exist in /bin

**********************************************************************
/tmp/tmpUKoJk6/p/./wish


test badexec PASSED (10 of 10)
 (run programs that do not exist in /bin)

starting path

**********************************************************************

Test path
run path and a program that exists in a given path

**********************************************************************
/tmp/tmpUKoJk6/p/./wish


test path PASSED (5 of 5)
 (run path and a program that exists in a given path)

starting path2

**********************************************************************

Test path2
run path with a long pathname and many different paths

**********************************************************************
/tmp/tmpUKoJk6/p/./wish


test path2 PASSED (5 of 5)
 (run path with a long pathname and many different paths)

starting pip

**********************************************************************

Test pip
simple piping

**********************************************************************
/tmp/tmpUKoJk6/p/./wish
Failure: ./wish gave incorrect standard output.
Expected: "wish> 1:this is a very very cheesy test to grep the OS \n3:there is two os here, os\n4:there should be 6 Os word in total\n7:os OS\nwish> "
Got:      "wish> wish> "


test pip FAILED (0 of 10)
 (simple piping)
 ./wish gave incorrect standard output.

 Test it yourself by running
 wish </u/c/s/cs537-1/tests/p2a/pip/in
 and check out the test folder
 /u/c/s/cs537-1/tests/p2a/pip
 to compare your output with reference outputs. 

starting line

**********************************************************************

Test line
line with maximum allowed length

**********************************************************************
/tmp/tmpUKoJk6/p/./wish


test line PASSED (5 of 5)
 (line with maximum allowed length)

starting batch

**********************************************************************

Test batch
test batch mode

**********************************************************************
/tmp/tmpUKoJk6/p/./wish /u/c/s/cs537-1/tests/p2a/batch/input
Failure: ./wish gave incorrect standard output.
Expected: "_\na\nb\nc\nd\ne\nf\ng\nh\ni\nj\nk\nl\nm\nn\no\np\nq\nr\ns\nt\nu\nv\nw\nx\ny\nz\nLinux\n"
Got:      "ls /u/\nuname\nexit"


test batch FAILED (0 of 5)
 (test batch mode)
 ./wish gave incorrect standard output.

 Test it yourself by running
 wish </u/c/s/cs537-1/tests/p2a/batch/in
 and check out the test folder
 /u/c/s/cs537-1/tests/p2a/batch
 to compare your output with reference outputs. 

starting badarg

**********************************************************************

Test badarg
extra argument to wish

**********************************************************************
/tmp/tmpUKoJk6/p/./wish /extra


test badarg PASSED (5 of 5)
 (extra argument to wish)

starting whitespace

**********************************************************************

Test whitespace
leading and trailing whitespace, full whitespaces or empty string

**********************************************************************
/tmp/tmpUKoJk6/p/./wish


test whitespace PASSED (5 of 5)
 (leading and trailing whitespace, full whitespaces or empty string)

starting rdr

**********************************************************************

Test rdr
simple redirection with no standard error

**********************************************************************
/tmp/tmpUKoJk6/p/./wish
Failure: ./wish gave incorrect standard error.
Expected: ""
Got:      "uname: extra operand \342\200\230>\342\200\231\nTry 'uname --help' for more information.\n"


test rdr FAILED (0 of 10)
 (simple redirection with no standard error)
 ./wish gave incorrect standard error.

 Test it yourself by running
 wish </u/c/s/cs537-1/tests/p2a/rdr/in
 and check out the test folder
 /u/c/s/cs537-1/tests/p2a/rdr
 to compare your output with reference outputs. 

**********************************************************************
Summary:
test build PASSED (5 of 5)
 (build project using make)

test exit PASSED (5 of 5)
 (run exit)

test cd PASSED (5 of 5)
 (cd with argument, and cd without argument)

test badcd PASSED (5 of 5)
 (cd to a bad directory)

test history PASSED (5 of 5)
 (test history without argument)

test historyarg FAILED (0 of 5)
 (test history with argument)
 ./wish gave incorrect standard output.

 Test it yourself by running
 wish </u/c/s/cs537-1/tests/p2a/historyarg/in
 and check out the test folder
 /u/c/s/cs537-1/tests/p2a/historyarg
 to compare your output with reference outputs. 

test exec PASSED (5 of 5)
 (path should be /bin)

test badexec PASSED (10 of 10)
 (run programs that do not exist in /bin)

test path PASSED (5 of 5)
 (run path and a program that exists in a given path)

test path2 PASSED (5 of 5)
 (run path with a long pathname and many different paths)

test pip FAILED (0 of 10)
 (simple piping)
 ./wish gave incorrect standard output.

 Test it yourself by running
 wish </u/c/s/cs537-1/tests/p2a/pip/in
 and check out the test folder
 /u/c/s/cs537-1/tests/p2a/pip
 to compare your output with reference outputs. 

test line PASSED (5 of 5)
 (line with maximum allowed length)

test batch FAILED (0 of 5)
 (test batch mode)
 ./wish gave incorrect standard output.

 Test it yourself by running
 wish </u/c/s/cs537-1/tests/p2a/batch/in
 and check out the test folder
 /u/c/s/cs537-1/tests/p2a/batch
 to compare your output with reference outputs. 

test badarg PASSED (5 of 5)
 (extra argument to wish)

test whitespace PASSED (5 of 5)
 (leading and trailing whitespace, full whitespaces or empty string)

test rdr FAILED (0 of 10)
 (simple redirection with no standard error)
 ./wish gave incorrect standard error.

 Test it yourself by running
 wish </u/c/s/cs537-1/tests/p2a/rdr/in
 and check out the test folder
 /u/c/s/cs537-1/tests/p2a/rdr
 to compare your output with reference outputs. 

Passed 12 of 16 tests.
Overall 12 of 16
Points 65 of 95
